2025-06-02 08:59:07.510464 INFO::Writing function arguments to log file
2025-06-02 08:59:07.511911 DEBUG::Function arguments
2025-06-02 08:59:07.512279 DEBUG::Output folder: /Users/michaelsieler/Dropbox/Mac (2)/Documents/Sharpton_Lab/Projects_Repository/Rules_of_Life/major-experiment-2023/Code/Analysis/DiffAbund/MaAsLin2__One_Stress
2025-06-02 08:59:07.512597 DEBUG::Min Abundance: 0.000000
2025-06-02 08:59:07.512923 DEBUG::Min Prevalence: 0.000000
2025-06-02 08:59:07.513242 DEBUG::Normalization: TSS
2025-06-02 08:59:07.513549 DEBUG::Transform: LOG
2025-06-02 08:59:07.513868 DEBUG::Analysis method: LM
2025-06-02 08:59:07.514175 DEBUG::Max significance: 0.250000
2025-06-02 08:59:07.514892 DEBUG::Random effects:
2025-06-02 08:59:07.515354 DEBUG::Fixed effects: Treatment
2025-06-02 08:59:07.515699 DEBUG::Correction method: BH
2025-06-02 08:59:07.516062 DEBUG::Standardize: FALSE
2025-06-02 08:59:07.516381 DEBUG::Cores: 8
2025-06-02 08:59:07.51667 INFO::Verifying options selected are valid
2025-06-02 08:59:07.517785 INFO::Determining format of input files
2025-06-02 08:59:07.518674 INFO::Input format is data samples as rows and metadata samples as rows
2025-06-02 08:59:07.521382 DEBUG::A total of 73 samples were found in both the data and metadata
2025-06-02 08:59:07.521937 DEBUG::Reordering data/metadata to use same sample ordering
2025-06-02 08:59:07.527479 INFO::Formula for fixed effects: expr ~  Treatment
2025-06-02 08:59:07.529186 INFO::Filter data based on min abundance and min prevalence
2025-06-02 08:59:07.530241 INFO::Total samples in data: 73
2025-06-02 08:59:07.531575 INFO::Min samples required with min abundance for a feature not to be filtered: 0.000000
2025-06-02 08:59:07.54145 INFO::Total filtered features: 0
2025-06-02 08:59:07.542844 INFO::Filtered feature names from abundance and prevalence filtering:
2025-06-02 08:59:07.566756 INFO::Total filtered features with variance filtering: 0
2025-06-02 08:59:07.568707 INFO::Filtered feature names from variance filtering:
2025-06-02 08:59:07.569635 INFO::Running selected normalization method: TSS
2025-06-02 08:59:07.576712 INFO::Bypass z-score application to metadata
2025-06-02 08:59:07.57823 INFO::Running selected transform method: LOG
2025-06-02 08:59:07.589048 INFO::Running selected analysis method: LM
2025-06-02 08:59:07.590762 INFO::Creating cluster of 8 R processes
2025-06-02 08:59:19.058451 INFO::Counting total values for each feature
2025-06-02 08:59:19.088431 INFO::Writing filtered data to file /Users/michaelsieler/Dropbox/Mac (2)/Documents/Sharpton_Lab/Projects_Repository/Rules_of_Life/major-experiment-2023/Code/Analysis/DiffAbund/MaAsLin2__One_Stress/features/filtered_data.tsv
2025-06-02 08:59:19.109921 INFO::Writing filtered, normalized data to file /Users/michaelsieler/Dropbox/Mac (2)/Documents/Sharpton_Lab/Projects_Repository/Rules_of_Life/major-experiment-2023/Code/Analysis/DiffAbund/MaAsLin2__One_Stress/features/filtered_data_norm.tsv
2025-06-02 08:59:19.148486 INFO::Writing filtered, normalized, transformed data to file /Users/michaelsieler/Dropbox/Mac (2)/Documents/Sharpton_Lab/Projects_Repository/Rules_of_Life/major-experiment-2023/Code/Analysis/DiffAbund/MaAsLin2__One_Stress/features/filtered_data_norm_transformed.tsv
2025-06-02 08:59:19.223434 INFO::Writing residuals to file /Users/michaelsieler/Dropbox/Mac (2)/Documents/Sharpton_Lab/Projects_Repository/Rules_of_Life/major-experiment-2023/Code/Analysis/DiffAbund/MaAsLin2__One_Stress/fits/residuals.rds
2025-06-02 08:59:19.233944 INFO::Writing fitted values to file /Users/michaelsieler/Dropbox/Mac (2)/Documents/Sharpton_Lab/Projects_Repository/Rules_of_Life/major-experiment-2023/Code/Analysis/DiffAbund/MaAsLin2__One_Stress/fits/fitted.rds
2025-06-02 08:59:19.240956 INFO::Writing all results to file (ordered by increasing q-values): /Users/michaelsieler/Dropbox/Mac (2)/Documents/Sharpton_Lab/Projects_Repository/Rules_of_Life/major-experiment-2023/Code/Analysis/DiffAbund/MaAsLin2__One_Stress/all_results.tsv
2025-06-02 08:59:19.247419 INFO::Writing the significant results (those which are less than or equal to the threshold of 0.250000 ) to file (ordered by increasing q-values): /Users/michaelsieler/Dropbox/Mac (2)/Documents/Sharpton_Lab/Projects_Repository/Rules_of_Life/major-experiment-2023/Code/Analysis/DiffAbund/MaAsLin2__One_Stress/significant_results.tsv
2025-06-02 08:59:19.249691 INFO::Writing heatmap of significant results to file: /Users/michaelsieler/Dropbox/Mac (2)/Documents/Sharpton_Lab/Projects_Repository/Rules_of_Life/major-experiment-2023/Code/Analysis/DiffAbund/MaAsLin2__One_Stress/heatmap.pdf
2025-06-02 08:59:19.254123 INFO::Writing association plots (one for each significant association) to output folder: /Users/michaelsieler/Dropbox/Mac (2)/Documents/Sharpton_Lab/Projects_Repository/Rules_of_Life/major-experiment-2023/Code/Analysis/DiffAbund/MaAsLin2__One_Stress
2025-06-02 08:59:19.260768 INFO::Plotting associations from most to least significant, grouped by metadata
2025-06-02 08:59:19.26223 INFO::Plotting data for metadata number 1, Treatment
2025-06-02 08:59:19.264692 INFO::Creating boxplot for categorical data, Treatment vs Plesiomonas
2025-06-02 08:59:22.635638 INFO::Creating boxplot for categorical data, Treatment vs Culicoidibacter
2025-06-02 08:59:22.894902 INFO::Creating boxplot for categorical data, Treatment vs X67.14_Genus
2025-06-02 08:59:23.031472 INFO::Creating boxplot for categorical data, Treatment vs Vogesella
2025-06-02 08:59:23.354422 INFO::Creating boxplot for categorical data, Treatment vs Polymorphobacter
2025-06-02 08:59:24.465798 INFO::Creating boxplot for categorical data, Treatment vs Halomonas
2025-06-02 08:59:24.615896 INFO::Creating boxplot for categorical data, Treatment vs Vampirovibrionaceae_Genus
2025-06-02 08:59:24.78153 INFO::Creating boxplot for categorical data, Treatment vs Pseudomonas
2025-06-02 08:59:24.932873 INFO::Creating boxplot for categorical data, Treatment vs Paenirhodobacter
2025-06-02 08:59:25.079649 INFO::Creating boxplot for categorical data, Treatment vs Gemmobacter
2025-06-02 08:59:25.235988 INFO::Creating boxplot for categorical data, Treatment vs Rhodovarius
2025-06-02 08:59:26.702244 INFO::Creating boxplot for categorical data, Treatment vs Paucibacter
2025-06-02 08:59:26.84938 INFO::Creating boxplot for categorical data, Treatment vs Candidatus_Megaira
2025-06-02 08:59:26.994554 INFO::Creating boxplot for categorical data, Treatment vs Acinetobacter
2025-06-02 08:59:27.315554 INFO::Creating boxplot for categorical data, Treatment vs Agromyces
2025-06-02 08:59:29.469664 INFO::Creating boxplot for categorical data, Treatment vs Rhodocyclaceae_Genus
2025-06-02 08:59:29.645275 INFO::Creating boxplot for categorical data, Treatment vs Tundrisphaera
2025-06-02 08:59:29.797152 INFO::Creating boxplot for categorical data, Treatment vs Cloacibacterium
2025-06-02 08:59:29.947247 INFO::Creating boxplot for categorical data, Treatment vs Hyphomicrobiales_Incertae_Sedis_Genus
2025-06-02 08:59:30.225503 INFO::Creating boxplot for categorical data, Treatment vs Eremiobacteria_Genus
2025-06-02 08:59:32.554723 INFO::Creating boxplot for categorical data, Treatment vs Chitinilyticum
2025-06-02 08:59:32.712457 INFO::Creating boxplot for categorical data, Treatment vs Citrobacter
2025-06-02 08:59:32.861951 INFO::Creating boxplot for categorical data, Treatment vs Pirellulaceae_Genus
2025-06-02 08:59:33.012152 INFO::Creating boxplot for categorical data, Treatment vs Sphaerotilus
2025-06-02 08:59:33.164392 INFO::Creating boxplot for categorical data, Treatment vs Azospira
2025-06-02 08:59:34.421727 INFO::Creating boxplot for categorical data, Treatment vs Rubrivivax
2025-06-02 08:59:34.573522 INFO::Creating boxplot for categorical data, Treatment vs Rhizobium
2025-06-02 08:59:34.735189 INFO::Creating boxplot for categorical data, Treatment vs Chthoniobacter
2025-06-02 08:59:34.961095 INFO::Creating boxplot for categorical data, Treatment vs Chitinivorax
2025-06-02 08:59:35.096045 INFO::Creating boxplot for categorical data, Treatment vs Gemmataceae_Genus
2025-06-02 08:59:35.419406 INFO::Creating boxplot for categorical data, Treatment vs Pseudolysobacter
2025-06-02 08:59:36.494584 INFO::Creating boxplot for categorical data, Treatment vs Dinghuibacter
2025-06-02 08:59:36.644785 INFO::Creating boxplot for categorical data, Treatment vs Aurantisolimonas
2025-06-02 08:59:36.870527 INFO::Creating boxplot for categorical data, Treatment vs Sporomusaceae_Genus
2025-06-02 08:59:37.115039 INFO::Creating boxplot for categorical data, Treatment vs Pirellula
2025-06-02 08:59:37.700576 INFO::Creating boxplot for categorical data, Treatment vs Dechlorobacter
2025-06-02 08:59:38.796281 INFO::Creating boxplot for categorical data, Treatment vs Polyangiia_Genus
2025-06-02 08:59:39.023099 INFO::Creating boxplot for categorical data, Treatment vs Larkinella
2025-06-02 08:59:39.159095 INFO::Creating boxplot for categorical data, Treatment vs Nordella
2025-06-02 08:59:39.507924 INFO::Creating boxplot for categorical data, Treatment vs alphaI_cluster
2025-06-02 08:59:40.588018 INFO::Creating boxplot for categorical data, Treatment vs Verrucomicrobiia_Genus
2025-06-02 08:59:40.750569 INFO::Creating boxplot for categorical data, Treatment vs Acetobacteroides
2025-06-02 08:59:40.917506 INFO::Creating boxplot for categorical data, Treatment vs Caulobacter
2025-06-02 08:59:41.102082 INFO::Creating boxplot for categorical data, Treatment vs Spirosomataceae_Genus
2025-06-02 08:59:43.692488 INFO::Creating boxplot for categorical data, Treatment vs Elsteraceae_Genus
2025-06-02 08:59:43.854859 INFO::Creating boxplot for categorical data, Treatment vs Mesorhizobium
2025-06-02 08:59:45.80518 INFO::Creating boxplot for categorical data, Treatment vs Candidatus_Alysiosphaera
2025-06-02 08:59:45.972021 INFO::Creating boxplot for categorical data, Treatment vs Crenobacter
2025-06-02 08:59:46.136747 INFO::Creating boxplot for categorical data, Treatment vs Luteolibacter
2025-06-02 08:59:48.748937 INFO::Creating boxplot for categorical data, Treatment vs Paracoccaceae_Genus
2025-06-02 08:59:48.948969 INFO::Creating boxplot for categorical data, Treatment vs Candidatus_Protochlamydia
2025-06-02 08:59:49.135345 INFO::Creating boxplot for categorical data, Treatment vs Lactococcus
2025-06-02 08:59:51.741013 INFO::Creating boxplot for categorical data, Treatment vs Haliangiaceae_Genus
2025-06-02 08:59:51.91448 INFO::Creating boxplot for categorical data, Treatment vs Pseudorhodoplanes
2025-06-02 08:59:52.069003 INFO::Creating boxplot for categorical data, Treatment vs env.OPS_17_Genus
2025-06-02 08:59:52.441985 INFO::Creating boxplot for categorical data, Treatment vs Obscuribacteraceae_Genus
2025-06-02 08:59:52.604761 INFO::Creating boxplot for categorical data, Treatment vs Candidatus_Berkiella
2025-06-02 08:59:53.866587 INFO::Creating boxplot for categorical data, Treatment vs Phreatobacter
2025-06-02 08:59:54.024394 INFO::Creating boxplot for categorical data, Treatment vs Novispirillum
2025-06-02 08:59:54.181086 INFO::Creating boxplot for categorical data, Treatment vs Holosporaceae_Genus
2025-06-02 08:59:55.540223 INFO::Creating boxplot for categorical data, Treatment vs Nocardia
2025-06-02 08:59:55.695503 INFO::Creating boxplot for categorical data, Treatment vs Vibrio
2025-06-02 08:59:55.861799 INFO::Creating boxplot for categorical data, Treatment vs Rhodococcus
2025-06-02 08:59:56.008569 INFO::Creating boxplot for categorical data, Treatment vs X37.13_Genus
2025-06-02 08:59:56.148762 INFO::Creating boxplot for categorical data, Treatment vs Roseicella
2025-06-02 08:59:57.480151 INFO::Creating boxplot for categorical data, Treatment vs Deinococcus
2025-06-02 08:59:57.629242 INFO::Creating boxplot for categorical data, Treatment vs Dechloromonas
2025-06-02 08:59:57.852706 INFO::Creating boxplot for categorical data, Treatment vs NS9_marine_group_Genus
2025-06-02 08:59:58.011121 INFO::Creating boxplot for categorical data, Treatment vs Candidatus_Paracaedibacter
