2025-04-30 20:41:28.995532 INFO::Writing function arguments to log file
2025-04-30 20:41:28.997029 DEBUG::Function arguments
2025-04-30 20:41:28.997479 DEBUG::Output folder: /Users/michaelsieler/Dropbox/Mac (2)/Documents/Sharpton_Lab/Projects_Repository/Rules_of_Life/major-experiment-2023/Code/Analysis/DiffAbund/MaAsLin2_ATP-Treatment
2025-04-30 20:41:28.998041 DEBUG::Min Abundance: 0.000000
2025-04-30 20:41:28.998373 DEBUG::Min Prevalence: 0.000000
2025-04-30 20:41:28.998708 DEBUG::Normalization: TSS
2025-04-30 20:41:28.999021 DEBUG::Transform: LOG
2025-04-30 20:41:28.999323 DEBUG::Analysis method: LM
2025-04-30 20:41:28.999637 DEBUG::Max significance: 0.250000
2025-04-30 20:41:29.000077 DEBUG::Random effects:
2025-04-30 20:41:29.000487 DEBUG::Fixed effects: Antibiotics,Temperature,Pathogen,Treatment
2025-04-30 20:41:29.000789 DEBUG::Correction method: BH
2025-04-30 20:41:29.001078 DEBUG::Standardize: FALSE
2025-04-30 20:41:29.00137 DEBUG::Cores: 8
2025-04-30 20:41:29.001627 INFO::Verifying options selected are valid
2025-04-30 20:41:29.002598 INFO::Determining format of input files
2025-04-30 20:41:29.003673 INFO::Input format is data samples as rows and metadata samples as rows
2025-04-30 20:41:29.006407 DEBUG::A total of 236 samples were found in both the data and metadata
2025-04-30 20:41:29.006901 DEBUG::Reordering data/metadata to use same sample ordering
2025-04-30 20:41:29.011786 INFO::Formula for fixed effects: expr ~  Antibiotics + Temperature + Pathogen + Treatment
2025-04-30 20:41:29.013401 INFO::Filter data based on min abundance and min prevalence
2025-04-30 20:41:29.014404 INFO::Total samples in data: 236
2025-04-30 20:41:29.015577 INFO::Min samples required with min abundance for a feature not to be filtered: 0.000000
2025-04-30 20:41:29.025161 INFO::Total filtered features: 0
2025-04-30 20:41:29.026711 INFO::Filtered feature names from abundance and prevalence filtering:
2025-04-30 20:41:29.07041 INFO::Total filtered features with variance filtering: 0
2025-04-30 20:41:29.072051 INFO::Filtered feature names from variance filtering:
2025-04-30 20:41:29.073361 INFO::Running selected normalization method: TSS
2025-04-30 20:41:29.084682 INFO::Bypass z-score application to metadata
2025-04-30 20:41:29.085885 INFO::Running selected transform method: LOG
2025-04-30 20:41:29.101344 INFO::Running selected analysis method: LM
2025-04-30 20:41:29.106653 INFO::Creating cluster of 8 R processes
2025-04-30 20:41:43.398942 INFO::Counting total values for each feature
2025-04-30 20:41:43.53057 INFO::Writing filtered data to file /Users/michaelsieler/Dropbox/Mac (2)/Documents/Sharpton_Lab/Projects_Repository/Rules_of_Life/major-experiment-2023/Code/Analysis/DiffAbund/MaAsLin2_ATP-Treatment/features/filtered_data.tsv
2025-04-30 20:41:43.58081 INFO::Writing filtered, normalized data to file /Users/michaelsieler/Dropbox/Mac (2)/Documents/Sharpton_Lab/Projects_Repository/Rules_of_Life/major-experiment-2023/Code/Analysis/DiffAbund/MaAsLin2_ATP-Treatment/features/filtered_data_norm.tsv
2025-04-30 20:41:43.688969 INFO::Writing filtered, normalized, transformed data to file /Users/michaelsieler/Dropbox/Mac (2)/Documents/Sharpton_Lab/Projects_Repository/Rules_of_Life/major-experiment-2023/Code/Analysis/DiffAbund/MaAsLin2_ATP-Treatment/features/filtered_data_norm_transformed.tsv
2025-04-30 20:41:44.079426 WARNING::Deleting existing residuals file: /Users/michaelsieler/Dropbox/Mac (2)/Documents/Sharpton_Lab/Projects_Repository/Rules_of_Life/major-experiment-2023/Code/Analysis/DiffAbund/MaAsLin2_ATP-Treatment/fits/residuals.rds
2025-04-30 20:41:45.062694 INFO::Writing residuals to file /Users/michaelsieler/Dropbox/Mac (2)/Documents/Sharpton_Lab/Projects_Repository/Rules_of_Life/major-experiment-2023/Code/Analysis/DiffAbund/MaAsLin2_ATP-Treatment/fits/residuals.rds
2025-04-30 20:41:45.075589 WARNING::Deleting existing fitted file: /Users/michaelsieler/Dropbox/Mac (2)/Documents/Sharpton_Lab/Projects_Repository/Rules_of_Life/major-experiment-2023/Code/Analysis/DiffAbund/MaAsLin2_ATP-Treatment/fits/fitted.rds
2025-04-30 20:41:45.077116 INFO::Writing fitted values to file /Users/michaelsieler/Dropbox/Mac (2)/Documents/Sharpton_Lab/Projects_Repository/Rules_of_Life/major-experiment-2023/Code/Analysis/DiffAbund/MaAsLin2_ATP-Treatment/fits/fitted.rds
2025-04-30 20:41:45.083321 INFO::Writing all results to file (ordered by increasing q-values): /Users/michaelsieler/Dropbox/Mac (2)/Documents/Sharpton_Lab/Projects_Repository/Rules_of_Life/major-experiment-2023/Code/Analysis/DiffAbund/MaAsLin2_ATP-Treatment/all_results.tsv
2025-04-30 20:41:47.101864 INFO::Writing the significant results (those which are less than or equal to the threshold of 0.250000 ) to file (ordered by increasing q-values): /Users/michaelsieler/Dropbox/Mac (2)/Documents/Sharpton_Lab/Projects_Repository/Rules_of_Life/major-experiment-2023/Code/Analysis/DiffAbund/MaAsLin2_ATP-Treatment/significant_results.tsv
2025-04-30 20:41:47.931268 INFO::Writing heatmap of significant results to file: /Users/michaelsieler/Dropbox/Mac (2)/Documents/Sharpton_Lab/Projects_Repository/Rules_of_Life/major-experiment-2023/Code/Analysis/DiffAbund/MaAsLin2_ATP-Treatment/heatmap.pdf
