2025-06-28 13:02:31.333505 INFO::Writing function arguments to log file
2025-06-28 13:02:31.334655 DEBUG::Function arguments
2025-06-28 13:02:31.334993 DEBUG::Output folder: /Users/michaelsieler/Dropbox/Mac (2)/Documents/Sharpton_Lab/Projects_Repository/Rules_of_Life/major-experiment-2023/Code/Analysis/DiffAbund/MaAsLin2__PriorStressParaExp_60DPE__TREATMENT
2025-06-28 13:02:31.335357 DEBUG::Min Abundance: 0.000000
2025-06-28 13:02:31.335624 DEBUG::Min Prevalence: 0.000000
2025-06-28 13:02:31.336002 DEBUG::Normalization: TSS
2025-06-28 13:02:31.336268 DEBUG::Transform: LOG
2025-06-28 13:02:31.336519 DEBUG::Analysis method: LM
2025-06-28 13:02:31.336778 DEBUG::Max significance: 0.250000
2025-06-28 13:02:31.337042 DEBUG::Random effects:
2025-06-28 13:02:31.337357 DEBUG::Fixed effects: Treatment
2025-06-28 13:02:31.337723 DEBUG::Correction method: BH
2025-06-28 13:02:31.338048 DEBUG::Standardize: FALSE
2025-06-28 13:02:31.338333 DEBUG::Cores: 8
2025-06-28 13:02:31.338588 INFO::Verifying options selected are valid
2025-06-28 13:02:31.339588 INFO::Determining format of input files
2025-06-28 13:02:31.340482 INFO::Input format is data samples as rows and metadata samples as rows
2025-06-28 13:02:31.342685 DEBUG::A total of 129 samples were found in both the data and metadata
2025-06-28 13:02:31.343155 DEBUG::Reordering data/metadata to use same sample ordering
2025-06-28 13:02:31.346854 INFO::Formula for fixed effects: expr ~  Treatment
2025-06-28 13:02:31.348239 INFO::Filter data based on min abundance and min prevalence
2025-06-28 13:02:31.349066 INFO::Total samples in data: 129
2025-06-28 13:02:31.349875 INFO::Min samples required with min abundance for a feature not to be filtered: 0.000000
2025-06-28 13:02:31.356179 INFO::Total filtered features: 0
2025-06-28 13:02:31.357358 INFO::Filtered feature names from abundance and prevalence filtering:
2025-06-28 13:02:31.382328 INFO::Total filtered features with variance filtering: 0
2025-06-28 13:02:31.383642 INFO::Filtered feature names from variance filtering:
2025-06-28 13:02:31.384561 INFO::Running selected normalization method: TSS
2025-06-28 13:02:31.391241 INFO::Bypass z-score application to metadata
2025-06-28 13:02:31.392879 INFO::Running selected transform method: LOG
2025-06-28 13:02:31.402848 INFO::Running selected analysis method: LM
2025-06-28 13:02:31.404217 INFO::Creating cluster of 8 R processes
2025-06-28 13:02:43.517588 INFO::Counting total values for each feature
2025-06-28 13:02:43.595135 INFO::Writing filtered data to file /Users/michaelsieler/Dropbox/Mac (2)/Documents/Sharpton_Lab/Projects_Repository/Rules_of_Life/major-experiment-2023/Code/Analysis/DiffAbund/MaAsLin2__PriorStressParaExp_60DPE__TREATMENT/features/filtered_data.tsv
2025-06-28 13:02:43.804493 INFO::Writing filtered, normalized data to file /Users/michaelsieler/Dropbox/Mac (2)/Documents/Sharpton_Lab/Projects_Repository/Rules_of_Life/major-experiment-2023/Code/Analysis/DiffAbund/MaAsLin2__PriorStressParaExp_60DPE__TREATMENT/features/filtered_data_norm.tsv
2025-06-28 13:02:43.860987 INFO::Writing filtered, normalized, transformed data to file /Users/michaelsieler/Dropbox/Mac (2)/Documents/Sharpton_Lab/Projects_Repository/Rules_of_Life/major-experiment-2023/Code/Analysis/DiffAbund/MaAsLin2__PriorStressParaExp_60DPE__TREATMENT/features/filtered_data_norm_transformed.tsv
2025-06-28 13:02:45.04329 INFO::Writing residuals to file /Users/michaelsieler/Dropbox/Mac (2)/Documents/Sharpton_Lab/Projects_Repository/Rules_of_Life/major-experiment-2023/Code/Analysis/DiffAbund/MaAsLin2__PriorStressParaExp_60DPE__TREATMENT/fits/residuals.rds
2025-06-28 13:02:48.073883 INFO::Writing fitted values to file /Users/michaelsieler/Dropbox/Mac (2)/Documents/Sharpton_Lab/Projects_Repository/Rules_of_Life/major-experiment-2023/Code/Analysis/DiffAbund/MaAsLin2__PriorStressParaExp_60DPE__TREATMENT/fits/fitted.rds
2025-06-28 13:02:48.078534 INFO::Writing all results to file (ordered by increasing q-values): /Users/michaelsieler/Dropbox/Mac (2)/Documents/Sharpton_Lab/Projects_Repository/Rules_of_Life/major-experiment-2023/Code/Analysis/DiffAbund/MaAsLin2__PriorStressParaExp_60DPE__TREATMENT/all_results.tsv
2025-06-28 13:02:48.104388 INFO::Writing the significant results (those which are less than or equal to the threshold of 0.250000 ) to file (ordered by increasing q-values): /Users/michaelsieler/Dropbox/Mac (2)/Documents/Sharpton_Lab/Projects_Repository/Rules_of_Life/major-experiment-2023/Code/Analysis/DiffAbund/MaAsLin2__PriorStressParaExp_60DPE__TREATMENT/significant_results.tsv
2025-06-28 13:02:48.107631 INFO::Writing heatmap of significant results to file: /Users/michaelsieler/Dropbox/Mac (2)/Documents/Sharpton_Lab/Projects_Repository/Rules_of_Life/major-experiment-2023/Code/Analysis/DiffAbund/MaAsLin2__PriorStressParaExp_60DPE__TREATMENT/heatmap.pdf
2025-06-28 13:02:48.173858 INFO::Writing association plots (one for each significant association) to output folder: /Users/michaelsieler/Dropbox/Mac (2)/Documents/Sharpton_Lab/Projects_Repository/Rules_of_Life/major-experiment-2023/Code/Analysis/DiffAbund/MaAsLin2__PriorStressParaExp_60DPE__TREATMENT
2025-06-28 13:02:48.181747 INFO::Plotting associations from most to least significant, grouped by metadata
2025-06-28 13:02:48.183127 INFO::Plotting data for metadata number 1, Treatment
2025-06-28 13:02:48.185014 INFO::Creating boxplot for categorical data, Treatment vs Pararhodobacter
2025-06-28 13:02:48.359652 INFO::Creating boxplot for categorical data, Treatment vs Obscuribacteraceae_Genus
2025-06-28 13:02:48.530454 INFO::Creating boxplot for categorical data, Treatment vs X67.14_Genus
2025-06-28 13:02:48.687941 INFO::Creating boxplot for categorical data, Treatment vs Pseudoxanthomonas
2025-06-28 13:02:52.172021 INFO::Creating boxplot for categorical data, Treatment vs Unknown_Family_Genus
2025-06-28 13:02:52.340432 INFO::Creating boxplot for categorical data, Treatment vs Gemmataceae_Genus
2025-06-28 13:02:52.495064 INFO::Creating boxplot for categorical data, Treatment vs Rhodococcus
2025-06-28 13:02:53.744055 INFO::Creating boxplot for categorical data, Treatment vs Rhodovarius
2025-06-28 13:02:53.904995 INFO::Creating boxplot for categorical data, Treatment vs Rhodovarius
2025-06-28 13:02:54.112495 INFO::Creating boxplot for categorical data, Treatment vs Mycobacterium
2025-06-28 13:02:54.258196 INFO::Creating boxplot for categorical data, Treatment vs X67.14_Genus
2025-06-28 13:02:54.41236 INFO::Creating boxplot for categorical data, Treatment vs Uliginosibacterium
2025-06-28 13:02:54.55531 INFO::Creating boxplot for categorical data, Treatment vs Vampirovibrionaceae_Genus
2025-06-28 13:02:54.673468 INFO::Creating boxplot for categorical data, Treatment vs Hyphomicrobiales_Incertae_Sedis_Genus
2025-06-28 13:02:54.783189 INFO::Creating boxplot for categorical data, Treatment vs Chitinibacter
2025-06-28 13:02:56.085874 INFO::Creating boxplot for categorical data, Treatment vs Rubrivivax
2025-06-28 13:02:56.248312 INFO::Creating boxplot for categorical data, Treatment vs Acetivibrio
2025-06-28 13:02:56.394957 INFO::Creating boxplot for categorical data, Treatment vs Roseomonas
2025-06-28 13:02:56.542714 INFO::Creating boxplot for categorical data, Treatment vs Pseudobdellovibrionaceae_Genus
2025-06-28 13:02:56.882021 INFO::Creating boxplot for categorical data, Treatment vs Simkaniaceae_Genus
2025-06-28 13:02:57.978386 INFO::Creating boxplot for categorical data, Treatment vs Roseicella
2025-06-28 13:02:58.130198 INFO::Creating boxplot for categorical data, Treatment vs Candidatus_Obscuribacter
2025-06-28 13:02:58.280762 INFO::Creating boxplot for categorical data, Treatment vs Rhodovarius
2025-06-28 13:02:58.433929 INFO::Creating boxplot for categorical data, Treatment vs Flavihumibacter
2025-06-28 13:02:58.578727 INFO::Creating boxplot for categorical data, Treatment vs Tundrisphaera
2025-06-28 13:02:58.736738 INFO::Creating boxplot for categorical data, Treatment vs Candidatus_Accumulibacter
2025-06-28 13:02:59.941309 INFO::Creating boxplot for categorical data, Treatment vs Agromyces
2025-06-28 13:03:00.111858 INFO::Creating boxplot for categorical data, Treatment vs Legionella
2025-06-28 13:03:00.260204 INFO::Creating boxplot for categorical data, Treatment vs Longivirga
2025-06-28 13:03:00.41551 INFO::Creating boxplot for categorical data, Treatment vs env.OPS_17_Genus
2025-06-28 13:03:00.561773 INFO::Creating boxplot for categorical data, Treatment vs PeM15_Genus
2025-06-28 13:03:01.930744 INFO::Creating boxplot for categorical data, Treatment vs Beijerinckiaceae_Genus
2025-06-28 13:03:02.101003 INFO::Creating boxplot for categorical data, Treatment vs Paracoccaceae_Genus
2025-06-28 13:03:02.264135 INFO::Creating boxplot for categorical data, Treatment vs alphaI_cluster
2025-06-28 13:03:02.42583 INFO::Creating boxplot for categorical data, Treatment vs Acinetobacter
2025-06-28 13:03:02.578784 INFO::Creating boxplot for categorical data, Treatment vs Shewanella
2025-06-28 13:03:04.063007 INFO::Creating boxplot for categorical data, Treatment vs Luteolibacter
2025-06-28 13:03:04.213481 INFO::Creating boxplot for categorical data, Treatment vs Rhodovastum
2025-06-28 13:03:04.378109 INFO::Creating boxplot for categorical data, Treatment vs Polymorphobacter
2025-06-28 13:03:04.534947 INFO::Creating boxplot for categorical data, Treatment vs Shewanella
2025-06-28 13:03:05.767579 INFO::Creating boxplot for categorical data, Treatment vs Chryseotalea
2025-06-28 13:03:07.862401 INFO::Creating boxplot for categorical data, Treatment vs Acinetobacter
2025-06-28 13:03:08.094283 INFO::Creating boxplot for categorical data, Treatment vs Candidatus_Alysiosphaera
2025-06-28 13:03:08.251407 INFO::Creating boxplot for categorical data, Treatment vs Sporocytophaga
2025-06-28 13:03:08.40012 INFO::Creating boxplot for categorical data, Treatment vs Shewanella
2025-06-28 13:03:08.546983 INFO::Creating boxplot for categorical data, Treatment vs Sporomusaceae_Genus
2025-06-28 13:03:08.687352 INFO::Creating boxplot for categorical data, Treatment vs Dechloromonas
2025-06-28 13:03:09.818479 INFO::Creating boxplot for categorical data, Treatment vs Brevifollis
2025-06-28 13:03:10.05802 INFO::Creating boxplot for categorical data, Treatment vs Nocardia
2025-06-28 13:03:10.216051 INFO::Creating boxplot for categorical data, Treatment vs Chthoniobacter
2025-06-28 13:03:10.361267 INFO::Creating boxplot for categorical data, Treatment vs Niveibacterium
2025-06-28 13:03:10.503617 INFO::Creating boxplot for categorical data, Treatment vs Aquihabitans
2025-06-28 13:03:10.810054 INFO::Creating boxplot for categorical data, Treatment vs Chitinimonas
2025-06-28 13:03:11.836728 INFO::Creating boxplot for categorical data, Treatment vs Parachlamydiaceae_Genus
2025-06-28 13:03:11.987047 INFO::Creating boxplot for categorical data, Treatment vs OLB12
2025-06-28 13:03:12.142187 INFO::Creating boxplot for categorical data, Treatment vs Halomonas
2025-06-28 13:03:12.289587 INFO::Creating boxplot for categorical data, Treatment vs Parachlamydiaceae_Genus
2025-06-28 13:03:12.43306 INFO::Creating boxplot for categorical data, Treatment vs Brevifollis
2025-06-28 13:03:12.556056 INFO::Creating boxplot for categorical data, Treatment vs X0319.6G20_Genus
2025-06-28 13:03:13.720446 INFO::Creating boxplot for categorical data, Treatment vs Dinghuibacter
2025-06-28 13:03:15.826459 INFO::Creating boxplot for categorical data, Treatment vs Rhodopseudomonas
2025-06-28 13:03:15.993474 INFO::Creating boxplot for categorical data, Treatment vs Cytophagales_Genus
2025-06-28 13:03:16.144295 INFO::Creating boxplot for categorical data, Treatment vs Hyphomicrobiales_Genus
2025-06-28 13:03:16.295789 INFO::Creating boxplot for categorical data, Treatment vs Obscuribacteraceae_Genus
2025-06-28 13:03:16.489041 INFO::Creating boxplot for categorical data, Treatment vs Pseudomonadales_Genus
2025-06-28 13:03:16.621672 INFO::Creating boxplot for categorical data, Treatment vs Culicoidibacter
2025-06-28 13:03:17.794706 INFO::Creating boxplot for categorical data, Treatment vs Vogesella
2025-06-28 13:03:17.954763 INFO::Creating boxplot for categorical data, Treatment vs Spirosomataceae_Genus
2025-06-28 13:03:18.113734 INFO::Creating boxplot for categorical data, Treatment vs MBNT15_Genus
2025-06-28 13:03:18.26219 INFO::Creating boxplot for categorical data, Treatment vs Gemmobacter
2025-06-28 13:03:18.447375 INFO::Creating boxplot for categorical data, Treatment vs Spirosomataceae_Genus
2025-06-28 13:03:18.58994 INFO::Creating boxplot for categorical data, Treatment vs Azospira
2025-06-28 13:03:18.713908 INFO::Creating boxplot for categorical data, Treatment vs Pseudoduganella
2025-06-28 13:03:19.832845 INFO::Creating boxplot for categorical data, Treatment vs Rhodopseudomonas
2025-06-28 13:03:19.989387 INFO::Creating boxplot for categorical data, Treatment vs Fundidesulfovibrio
2025-06-28 13:03:20.193377 INFO::Creating boxplot for categorical data, Treatment vs Vibrio
2025-06-28 13:03:20.360201 INFO::Creating boxplot for categorical data, Treatment vs Holosporaceae_Genus
2025-06-28 13:03:20.52588 INFO::Creating boxplot for categorical data, Treatment vs Chlamydiales_Genus
2025-06-28 13:03:20.674511 INFO::Creating boxplot for categorical data, Treatment vs CL500.3
2025-06-28 13:03:21.771732 INFO::Creating boxplot for categorical data, Treatment vs Bosea
2025-06-28 13:03:21.927655 INFO::Creating boxplot for categorical data, Treatment vs Neisseriaceae_Genus
2025-06-28 13:03:22.145702 INFO::Creating boxplot for categorical data, Treatment vs Microscillaceae_Genus
2025-06-28 13:03:22.300003 INFO::Creating boxplot for categorical data, Treatment vs Cytophagales_Genus
2025-06-28 13:03:22.449104 INFO::Creating boxplot for categorical data, Treatment vs Gemmata
2025-06-28 13:03:22.594105 INFO::Creating boxplot for categorical data, Treatment vs Eremiobacteria_Genus
2025-06-28 13:03:23.767552 INFO::Creating boxplot for categorical data, Treatment vs Bacillus
2025-06-28 13:03:23.974023 INFO::Creating boxplot for categorical data, Treatment vs Larkinella
2025-06-28 13:03:24.132035 INFO::Creating boxplot for categorical data, Treatment vs cvE6_Genus
2025-06-28 13:03:24.289012 INFO::Creating boxplot for categorical data, Treatment vs Mesorhizobium
2025-06-28 13:03:24.434143 INFO::Creating boxplot for categorical data, Treatment vs NS9_marine_group_Genus
2025-06-28 13:03:24.577388 INFO::Creating boxplot for categorical data, Treatment vs Brevitalea
2025-06-28 13:03:24.685338 INFO::Creating boxplot for categorical data, Treatment vs Haliscomenobacter
2025-06-28 13:03:25.988876 INFO::Creating boxplot for categorical data, Treatment vs Neisseriaceae_Genus
2025-06-28 13:03:26.143195 INFO::Creating boxplot for categorical data, Treatment vs Pedosphaeraceae_Genus
2025-06-28 13:03:26.294082 INFO::Creating boxplot for categorical data, Treatment vs Uliginosibacterium
2025-06-28 13:03:26.438368 INFO::Creating boxplot for categorical data, Treatment vs Chitinibacter
2025-06-28 13:03:26.578338 INFO::Creating boxplot for categorical data, Treatment vs Dechlorobacter
